<?xml version="1.0" encoding="UTF-8"?>
<!-- Generated by org.testng.reporters.JUnitReportReporter -->
<testsuite hostname="DESKTOP-J0D264L" failures="0" tests="5" name="cucumberOptions.Testrunner" time="0.493" errors="0" timestamp="2023-11-09T11:31:26 IST" skipped="0">
  <testcase classname="cucumberOptions.Testrunner" name="runScenario" time="0.209"/>
  <testcase classname="cucumberOptions.Testrunner" name="runScenario" time="0.103"/>
  <testcase classname="cucumberOptions.Testrunner" name="runScenario" time="0.072"/>
  <testcase classname="cucumberOptions.Testrunner" name="runScenario" time="0.050"/>
  <testcase classname="cucumberOptions.Testrunner" name="runScenario" time="0.059"/>
</testsuite> <!-- cucumberOptions.Testrunner -->
